[2019-08-24 13:56:49] - {5} = WARNING:MODEL / PDO DB ERROR: UNKNOWN
[2019-08-24 13:56:49] - {8} = DEBUG:CLASS INSTANCE ACTIVATED: $controller
[2019-08-24 13:56:49] - {8} = DEBUG:CLASS INSTANCE ACTIVATED: $logger
[2019-08-24 13:56:49] - {8} = DEBUG:CLASS INSTANCE ACTIVATED: $basic
[2019-08-24 13:56:49] - {8} = DEBUG:CLASS INSTANCE ACTIVATED: $cookies
[2019-08-24 13:56:49] - {8} = DEBUG:CLASS INSTANCE ACTIVATED: $session
[2019-08-24 13:56:49] - {8} = DEBUG:CLASS INSTANCE ACTIVATED: $nonce
[2019-08-24 13:56:49] - {8} = DEBUG:CLASS INSTANCE ACTIVATED: $alerts
[2019-08-24 13:56:49] - {8} = DEBUG:CLASS INSTANCE ACTIVATED: $pdo
[2019-08-24 13:56:49] - {8} = DEBUG:CLASS INSTANCE ACTIVATED: $db
[2019-08-24 13:56:49] - {8} = DEBUG:CLASS INSTANCE ACTIVATED: $smreca
[2019-08-24 13:56:49] - {8} = DEBUG:CLASS INSTANCE ACTIVATED: $smrecb
[2019-08-24 13:56:49] - {8} = DEBUG:CLASS INSTANCE ACTIVATED: $model
[2019-08-24 13:56:49] - {8} = DEBUG:CLASS INSTANCE ACTIVATED: $usr
[2019-08-24 13:56:49] - {8} = DEBUG:CLASS INSTANCE ACTIVATED: $auth
[2019-08-24 13:56:49] - {8} = DEBUG:CLASS INSTANCE ACTIVATED: $sign
[2019-08-24 13:56:49] - {8} = DEBUG:CLASS INSTANCE ACTIVATED: $mvc
[2019-08-24 13:56:49] - {8} = DEBUG:CLASS INSTANCE ACTIVATED: $options
[2019-08-24 13:56:49] - {8} = DEBUG:CLASS INSTANCE ACTIVATED: $media
[2019-08-24 13:56:49] - {8} = DEBUG:CLASS INSTANCE ACTIVATED: $local
[2019-08-24 13:56:49] - {8} = DEBUG:CLASS INSTANCE ACTIVATED: $menu
[2019-08-24 13:56:49] - {8} = DEBUG:CLASS INSTANCE ACTIVATED: $http
[2019-08-24 13:56:49] - {8} = DEBUG:CLASS INSTANCE ACTIVATED: $view
[2019-08-24 13:56:49] - {8} = DEBUG:CLASS INSTANCE ACTIVATED: $html
[2019-08-24 13:56:49] - {8} = DEBUG:CLASS INSTANCE ACTIVATED: $email
[2019-08-24 13:56:49] - {8} = DEBUG:CLASS INSTANCE ACTIVATED: $install
[2019-08-24 13:56:49] - {8} = DEBUG:CLASS INSTANCE ACTIVATED: $cloneme->default->mylib
[2019-08-24 13:56:49] - {8} = DEBUG:CLASS INSTANCE ACTIVATED: $cloneme->default->mylibx
[2019-08-24 13:56:49] - {7} = INFO:MAIN - All core files loaded; Starting..
[2019-08-24 13:56:49] - {7} = INFO:MAIN - All done in 0,0007 sec. 131,48 KB of RAM used; Exiting..


[2019-08-24 13:57:53] - {5} = WARNING:MODEL / PDO DB ERROR: UNKNOWN
[2019-08-24 13:57:53] - {8} = DEBUG:CLASS INSTANCE ACTIVATED: $controller
[2019-08-24 13:57:53] - {8} = DEBUG:CLASS INSTANCE ACTIVATED: $logger
[2019-08-24 13:57:53] - {8} = DEBUG:CLASS INSTANCE ACTIVATED: $basic
[2019-08-24 13:57:53] - {8} = DEBUG:CLASS INSTANCE ACTIVATED: $cookies
[2019-08-24 13:57:53] - {8} = DEBUG:CLASS INSTANCE ACTIVATED: $session
[2019-08-24 13:57:53] - {8} = DEBUG:CLASS INSTANCE ACTIVATED: $nonce
[2019-08-24 13:57:53] - {8} = DEBUG:CLASS INSTANCE ACTIVATED: $alerts
[2019-08-24 13:57:53] - {8} = DEBUG:CLASS INSTANCE ACTIVATED: $pdo
[2019-08-24 13:57:53] - {8} = DEBUG:CLASS INSTANCE ACTIVATED: $db
[2019-08-24 13:57:53] - {8} = DEBUG:CLASS INSTANCE ACTIVATED: $smreca
[2019-08-24 13:57:53] - {8} = DEBUG:CLASS INSTANCE ACTIVATED: $smrecb
[2019-08-24 13:57:53] - {8} = DEBUG:CLASS INSTANCE ACTIVATED: $model
[2019-08-24 13:57:53] - {8} = DEBUG:CLASS INSTANCE ACTIVATED: $usr
[2019-08-24 13:57:53] - {8} = DEBUG:CLASS INSTANCE ACTIVATED: $auth
[2019-08-24 13:57:53] - {8} = DEBUG:CLASS INSTANCE ACTIVATED: $sign
[2019-08-24 13:57:53] - {8} = DEBUG:CLASS INSTANCE ACTIVATED: $mvc
[2019-08-24 13:57:53] - {8} = DEBUG:CLASS INSTANCE ACTIVATED: $options
[2019-08-24 13:57:53] - {8} = DEBUG:CLASS INSTANCE ACTIVATED: $media
[2019-08-24 13:57:53] - {8} = DEBUG:CLASS INSTANCE ACTIVATED: $local
[2019-08-24 13:57:53] - {8} = DEBUG:CLASS INSTANCE ACTIVATED: $menu
[2019-08-24 13:57:53] - {8} = DEBUG:CLASS INSTANCE ACTIVATED: $http
[2019-08-24 13:57:53] - {8} = DEBUG:CLASS INSTANCE ACTIVATED: $view
[2019-08-24 13:57:53] - {8} = DEBUG:CLASS INSTANCE ACTIVATED: $html
[2019-08-24 13:57:53] - {8} = DEBUG:CLASS INSTANCE ACTIVATED: $email
[2019-08-24 13:57:53] - {8} = DEBUG:CLASS INSTANCE ACTIVATED: $install
[2019-08-24 13:57:53] - {8} = DEBUG:CLASS INSTANCE ACTIVATED: $cloneme->default->mylib
[2019-08-24 13:57:53] - {8} = DEBUG:CLASS INSTANCE ACTIVATED: $cloneme->default->mylibx
[2019-08-24 13:57:53] - {7} = INFO:MAIN - All core files loaded; Starting..
[2019-08-24 13:57:53] - {7} = INFO:MAIN - All done in 0,0007 sec. 131,48 KB of RAM used; Exiting..


[2019-08-24 13:58:52] - {5} = WARNING:MODEL / PDO DB ERROR: UNKNOWN
[2019-08-24 13:58:52] - {8} = DEBUG:CLASS INSTANCE ACTIVATED: $controller
[2019-08-24 13:58:52] - {8} = DEBUG:CLASS INSTANCE ACTIVATED: $logger
[2019-08-24 13:58:52] - {8} = DEBUG:CLASS INSTANCE ACTIVATED: $basic
[2019-08-24 13:58:52] - {8} = DEBUG:CLASS INSTANCE ACTIVATED: $cookies
[2019-08-24 13:58:52] - {8} = DEBUG:CLASS INSTANCE ACTIVATED: $session
[2019-08-24 13:58:52] - {8} = DEBUG:CLASS INSTANCE ACTIVATED: $nonce
[2019-08-24 13:58:52] - {8} = DEBUG:CLASS INSTANCE ACTIVATED: $alerts
[2019-08-24 13:58:52] - {8} = DEBUG:CLASS INSTANCE ACTIVATED: $pdo
[2019-08-24 13:58:52] - {8} = DEBUG:CLASS INSTANCE ACTIVATED: $db
[2019-08-24 13:58:52] - {8} = DEBUG:CLASS INSTANCE ACTIVATED: $smreca
[2019-08-24 13:58:52] - {8} = DEBUG:CLASS INSTANCE ACTIVATED: $smrecb
[2019-08-24 13:58:52] - {8} = DEBUG:CLASS INSTANCE ACTIVATED: $model
[2019-08-24 13:58:52] - {8} = DEBUG:CLASS INSTANCE ACTIVATED: $usr
[2019-08-24 13:58:52] - {8} = DEBUG:CLASS INSTANCE ACTIVATED: $auth
[2019-08-24 13:58:52] - {8} = DEBUG:CLASS INSTANCE ACTIVATED: $sign
[2019-08-24 13:58:52] - {8} = DEBUG:CLASS INSTANCE ACTIVATED: $mvc
[2019-08-24 13:58:52] - {8} = DEBUG:CLASS INSTANCE ACTIVATED: $options
[2019-08-24 13:58:52] - {8} = DEBUG:CLASS INSTANCE ACTIVATED: $media
[2019-08-24 13:58:52] - {8} = DEBUG:CLASS INSTANCE ACTIVATED: $local
[2019-08-24 13:58:52] - {8} = DEBUG:CLASS INSTANCE ACTIVATED: $menu
[2019-08-24 13:58:52] - {8} = DEBUG:CLASS INSTANCE ACTIVATED: $http
[2019-08-24 13:58:52] - {8} = DEBUG:CLASS INSTANCE ACTIVATED: $view
[2019-08-24 13:58:52] - {8} = DEBUG:CLASS INSTANCE ACTIVATED: $html
[2019-08-24 13:58:52] - {8} = DEBUG:CLASS INSTANCE ACTIVATED: $email
[2019-08-24 13:58:52] - {8} = DEBUG:CLASS INSTANCE ACTIVATED: $install
[2019-08-24 13:58:52] - {8} = DEBUG:CLASS INSTANCE ACTIVATED: $cloneme->default->mylib
[2019-08-24 13:58:52] - {8} = DEBUG:CLASS INSTANCE ACTIVATED: $cloneme->default->mylibx
[2019-08-24 13:58:52] - {7} = INFO:MAIN - All core files loaded; Starting..
[2019-08-24 13:58:52] - {7} = INFO:MAIN - All done in 0,0599 sec. 133,56 KB of RAM used; Exiting..


