[2019-07-31 11:44:36] - {5} = WARNING:MODEL / PDO DB ERROR 1045: AUTH USER - root PASSWORD - ****
[2019-07-31 11:44:36] - {8} = DEBUG:CLASS INSTANCE ACTIVATED: $controller
[2019-07-31 11:44:36] - {8} = DEBUG:CLASS INSTANCE ACTIVATED: $logger
[2019-07-31 11:44:36] - {8} = DEBUG:CLASS INSTANCE ACTIVATED: $basic
[2019-07-31 11:44:36] - {8} = DEBUG:CLASS INSTANCE ACTIVATED: $cookies
[2019-07-31 11:44:36] - {8} = DEBUG:CLASS INSTANCE ACTIVATED: $session
[2019-07-31 11:44:36] - {8} = DEBUG:CLASS INSTANCE ACTIVATED: $nonce
[2019-07-31 11:44:36] - {8} = DEBUG:CLASS INSTANCE ACTIVATED: $alerts
[2019-07-31 11:44:36] - {8} = DEBUG:CLASS INSTANCE ACTIVATED: $pdo
[2019-07-31 11:44:36] - {8} = DEBUG:CLASS INSTANCE ACTIVATED: $db
[2019-07-31 11:44:36] - {8} = DEBUG:CLASS INSTANCE ACTIVATED: $smreca
[2019-07-31 11:44:36] - {8} = DEBUG:CLASS INSTANCE ACTIVATED: $smrecb
[2019-07-31 11:44:36] - {8} = DEBUG:CLASS INSTANCE ACTIVATED: $model
[2019-07-31 11:44:36] - {8} = DEBUG:CLASS INSTANCE ACTIVATED: $usr
[2019-07-31 11:44:36] - {8} = DEBUG:CLASS INSTANCE ACTIVATED: $auth
[2019-07-31 11:44:36] - {8} = DEBUG:CLASS INSTANCE ACTIVATED: $sign
[2019-07-31 11:44:36] - {8} = DEBUG:CLASS INSTANCE ACTIVATED: $mvc
[2019-07-31 11:44:36] - {8} = DEBUG:CLASS INSTANCE ACTIVATED: $options
[2019-07-31 11:44:36] - {8} = DEBUG:CLASS INSTANCE ACTIVATED: $media
[2019-07-31 11:44:36] - {8} = DEBUG:CLASS INSTANCE ACTIVATED: $local
[2019-07-31 11:44:36] - {8} = DEBUG:CLASS INSTANCE ACTIVATED: $menu
[2019-07-31 11:44:36] - {8} = DEBUG:CLASS INSTANCE ACTIVATED: $http
[2019-07-31 11:44:36] - {8} = DEBUG:CLASS INSTANCE ACTIVATED: $view
[2019-07-31 11:44:36] - {8} = DEBUG:CLASS INSTANCE ACTIVATED: $html
[2019-07-31 11:44:36] - {8} = DEBUG:CLASS INSTANCE ACTIVATED: $email
[2019-07-31 11:44:36] - {8} = DEBUG:CLASS INSTANCE ACTIVATED: $install
[2019-07-31 11:44:36] - {8} = DEBUG:CLASS INSTANCE ACTIVATED: $cloneme->default->mylib
[2019-07-31 11:44:36] - {8} = DEBUG:CLASS INSTANCE ACTIVATED: $cloneme->default->mylibx
[2019-07-31 11:44:36] - {7} = INFO:MAIN - All core files loaded; Starting..
[2019-07-31 11:44:36] - {7} = INFO:MAIN - All done in 0,0052 sec. 130,82 KB of RAM used; Exiting..


[2019-07-31 11:58:55] - {5} = WARNING:MODEL / PDO DB ERROR 1045: AUTH USER - root PASSWORD - ****
[2019-07-31 11:58:55] - {8} = DEBUG:CLASS INSTANCE ACTIVATED: $controller
[2019-07-31 11:58:55] - {8} = DEBUG:CLASS INSTANCE ACTIVATED: $logger
[2019-07-31 11:58:55] - {8} = DEBUG:CLASS INSTANCE ACTIVATED: $basic
[2019-07-31 11:58:55] - {8} = DEBUG:CLASS INSTANCE ACTIVATED: $cookies
[2019-07-31 11:58:55] - {8} = DEBUG:CLASS INSTANCE ACTIVATED: $session
[2019-07-31 11:58:55] - {8} = DEBUG:CLASS INSTANCE ACTIVATED: $nonce
[2019-07-31 11:58:55] - {8} = DEBUG:CLASS INSTANCE ACTIVATED: $alerts
[2019-07-31 11:58:55] - {8} = DEBUG:CLASS INSTANCE ACTIVATED: $pdo
[2019-07-31 11:58:55] - {8} = DEBUG:CLASS INSTANCE ACTIVATED: $db
[2019-07-31 11:58:55] - {8} = DEBUG:CLASS INSTANCE ACTIVATED: $smreca
[2019-07-31 11:58:55] - {8} = DEBUG:CLASS INSTANCE ACTIVATED: $smrecb
[2019-07-31 11:58:55] - {8} = DEBUG:CLASS INSTANCE ACTIVATED: $model
[2019-07-31 11:58:55] - {8} = DEBUG:CLASS INSTANCE ACTIVATED: $usr
[2019-07-31 11:58:55] - {8} = DEBUG:CLASS INSTANCE ACTIVATED: $auth
[2019-07-31 11:58:55] - {8} = DEBUG:CLASS INSTANCE ACTIVATED: $sign
[2019-07-31 11:58:55] - {8} = DEBUG:CLASS INSTANCE ACTIVATED: $mvc
[2019-07-31 11:58:55] - {8} = DEBUG:CLASS INSTANCE ACTIVATED: $options
[2019-07-31 11:58:55] - {8} = DEBUG:CLASS INSTANCE ACTIVATED: $media
[2019-07-31 11:58:55] - {8} = DEBUG:CLASS INSTANCE ACTIVATED: $local
[2019-07-31 11:58:55] - {8} = DEBUG:CLASS INSTANCE ACTIVATED: $menu
[2019-07-31 11:58:55] - {8} = DEBUG:CLASS INSTANCE ACTIVATED: $http
[2019-07-31 11:58:55] - {8} = DEBUG:CLASS INSTANCE ACTIVATED: $view
[2019-07-31 11:58:55] - {8} = DEBUG:CLASS INSTANCE ACTIVATED: $html
[2019-07-31 11:58:55] - {8} = DEBUG:CLASS INSTANCE ACTIVATED: $email
[2019-07-31 11:58:55] - {8} = DEBUG:CLASS INSTANCE ACTIVATED: $install
[2019-07-31 11:58:55] - {8} = DEBUG:CLASS INSTANCE ACTIVATED: $cloneme->default->mylib
[2019-07-31 11:58:55] - {8} = DEBUG:CLASS INSTANCE ACTIVATED: $cloneme->default->mylibx
[2019-07-31 11:58:55] - {7} = INFO:MAIN - All core files loaded; Starting..
[2019-07-31 11:58:55] - {7} = INFO:MAIN - All done in 0,0008 sec. 130,70 KB of RAM used; Exiting..


[2019-07-31 12:09:12] - {5} = WARNING:MODEL / PDO DB ERROR 1045: AUTH USER - root PASSWORD - ****
[2019-07-31 12:09:12] - {8} = DEBUG:CLASS INSTANCE ACTIVATED: $controller
[2019-07-31 12:09:12] - {8} = DEBUG:CLASS INSTANCE ACTIVATED: $logger
[2019-07-31 12:09:12] - {8} = DEBUG:CLASS INSTANCE ACTIVATED: $basic
[2019-07-31 12:09:12] - {8} = DEBUG:CLASS INSTANCE ACTIVATED: $cookies
[2019-07-31 12:09:12] - {8} = DEBUG:CLASS INSTANCE ACTIVATED: $session
[2019-07-31 12:09:12] - {8} = DEBUG:CLASS INSTANCE ACTIVATED: $nonce
[2019-07-31 12:09:12] - {8} = DEBUG:CLASS INSTANCE ACTIVATED: $alerts
[2019-07-31 12:09:12] - {8} = DEBUG:CLASS INSTANCE ACTIVATED: $pdo
[2019-07-31 12:09:12] - {8} = DEBUG:CLASS INSTANCE ACTIVATED: $db
[2019-07-31 12:09:12] - {8} = DEBUG:CLASS INSTANCE ACTIVATED: $smreca
[2019-07-31 12:09:12] - {8} = DEBUG:CLASS INSTANCE ACTIVATED: $smrecb
[2019-07-31 12:09:12] - {8} = DEBUG:CLASS INSTANCE ACTIVATED: $model
[2019-07-31 12:09:12] - {8} = DEBUG:CLASS INSTANCE ACTIVATED: $usr
[2019-07-31 12:09:12] - {8} = DEBUG:CLASS INSTANCE ACTIVATED: $auth
[2019-07-31 12:09:12] - {8} = DEBUG:CLASS INSTANCE ACTIVATED: $sign
[2019-07-31 12:09:12] - {8} = DEBUG:CLASS INSTANCE ACTIVATED: $mvc
[2019-07-31 12:09:12] - {8} = DEBUG:CLASS INSTANCE ACTIVATED: $options
[2019-07-31 12:09:12] - {8} = DEBUG:CLASS INSTANCE ACTIVATED: $media
[2019-07-31 12:09:12] - {8} = DEBUG:CLASS INSTANCE ACTIVATED: $local
[2019-07-31 12:09:12] - {8} = DEBUG:CLASS INSTANCE ACTIVATED: $menu
[2019-07-31 12:09:12] - {8} = DEBUG:CLASS INSTANCE ACTIVATED: $http
[2019-07-31 12:09:12] - {8} = DEBUG:CLASS INSTANCE ACTIVATED: $view
[2019-07-31 12:09:12] - {8} = DEBUG:CLASS INSTANCE ACTIVATED: $html
[2019-07-31 12:09:12] - {8} = DEBUG:CLASS INSTANCE ACTIVATED: $email
[2019-07-31 12:09:12] - {8} = DEBUG:CLASS INSTANCE ACTIVATED: $install
[2019-07-31 12:09:12] - {8} = DEBUG:CLASS INSTANCE ACTIVATED: $cloneme->default->mylib
[2019-07-31 12:09:12] - {8} = DEBUG:CLASS INSTANCE ACTIVATED: $cloneme->default->mylibx
[2019-07-31 12:09:12] - {7} = INFO:MAIN - All core files loaded; Starting..
[2019-07-31 12:09:12] - {7} = INFO:MAIN - All done in 0,0013 sec. 131,57 KB of RAM used; Exiting..


[2019-07-31 12:09:32] - {5} = WARNING:MODEL / PDO DB ERROR 1045: AUTH USER - root PASSWORD - ****
[2019-07-31 12:09:32] - {8} = DEBUG:CLASS INSTANCE ACTIVATED: $controller
[2019-07-31 12:09:32] - {8} = DEBUG:CLASS INSTANCE ACTIVATED: $logger
[2019-07-31 12:09:32] - {8} = DEBUG:CLASS INSTANCE ACTIVATED: $basic
[2019-07-31 12:09:32] - {8} = DEBUG:CLASS INSTANCE ACTIVATED: $cookies
[2019-07-31 12:09:32] - {8} = DEBUG:CLASS INSTANCE ACTIVATED: $session
[2019-07-31 12:09:32] - {8} = DEBUG:CLASS INSTANCE ACTIVATED: $nonce
[2019-07-31 12:09:32] - {8} = DEBUG:CLASS INSTANCE ACTIVATED: $alerts
[2019-07-31 12:09:32] - {8} = DEBUG:CLASS INSTANCE ACTIVATED: $pdo
[2019-07-31 12:09:32] - {8} = DEBUG:CLASS INSTANCE ACTIVATED: $db
[2019-07-31 12:09:32] - {8} = DEBUG:CLASS INSTANCE ACTIVATED: $smreca
[2019-07-31 12:09:32] - {8} = DEBUG:CLASS INSTANCE ACTIVATED: $smrecb
[2019-07-31 12:09:32] - {8} = DEBUG:CLASS INSTANCE ACTIVATED: $model
[2019-07-31 12:09:32] - {8} = DEBUG:CLASS INSTANCE ACTIVATED: $usr
[2019-07-31 12:09:32] - {8} = DEBUG:CLASS INSTANCE ACTIVATED: $auth
[2019-07-31 12:09:32] - {8} = DEBUG:CLASS INSTANCE ACTIVATED: $sign
[2019-07-31 12:09:32] - {8} = DEBUG:CLASS INSTANCE ACTIVATED: $mvc
[2019-07-31 12:09:32] - {8} = DEBUG:CLASS INSTANCE ACTIVATED: $options
[2019-07-31 12:09:32] - {8} = DEBUG:CLASS INSTANCE ACTIVATED: $media
[2019-07-31 12:09:32] - {8} = DEBUG:CLASS INSTANCE ACTIVATED: $local
[2019-07-31 12:09:32] - {8} = DEBUG:CLASS INSTANCE ACTIVATED: $menu
[2019-07-31 12:09:32] - {8} = DEBUG:CLASS INSTANCE ACTIVATED: $http
[2019-07-31 12:09:32] - {8} = DEBUG:CLASS INSTANCE ACTIVATED: $view
[2019-07-31 12:09:32] - {8} = DEBUG:CLASS INSTANCE ACTIVATED: $html
[2019-07-31 12:09:32] - {8} = DEBUG:CLASS INSTANCE ACTIVATED: $email
[2019-07-31 12:09:32] - {8} = DEBUG:CLASS INSTANCE ACTIVATED: $install
[2019-07-31 12:09:32] - {8} = DEBUG:CLASS INSTANCE ACTIVATED: $cloneme->default->mylib
[2019-07-31 12:09:32] - {8} = DEBUG:CLASS INSTANCE ACTIVATED: $cloneme->default->mylibx
[2019-07-31 12:09:32] - {7} = INFO:MAIN - All core files loaded; Starting..
[2019-07-31 12:09:32] - {7} = INFO:MAIN - All done in 0,0006 sec. 130,36 KB of RAM used; Exiting..


[2019-07-31 12:09:33] - {5} = WARNING:MODEL / PDO DB ERROR 1045: AUTH USER - root PASSWORD - ****
[2019-07-31 12:09:33] - {8} = DEBUG:CLASS INSTANCE ACTIVATED: $controller
[2019-07-31 12:09:33] - {8} = DEBUG:CLASS INSTANCE ACTIVATED: $logger
[2019-07-31 12:09:33] - {8} = DEBUG:CLASS INSTANCE ACTIVATED: $basic
[2019-07-31 12:09:33] - {8} = DEBUG:CLASS INSTANCE ACTIVATED: $cookies
[2019-07-31 12:09:33] - {8} = DEBUG:CLASS INSTANCE ACTIVATED: $session
[2019-07-31 12:09:33] - {8} = DEBUG:CLASS INSTANCE ACTIVATED: $nonce
[2019-07-31 12:09:33] - {8} = DEBUG:CLASS INSTANCE ACTIVATED: $alerts
[2019-07-31 12:09:33] - {8} = DEBUG:CLASS INSTANCE ACTIVATED: $pdo
[2019-07-31 12:09:33] - {8} = DEBUG:CLASS INSTANCE ACTIVATED: $db
[2019-07-31 12:09:33] - {8} = DEBUG:CLASS INSTANCE ACTIVATED: $smreca
[2019-07-31 12:09:33] - {8} = DEBUG:CLASS INSTANCE ACTIVATED: $smrecb
[2019-07-31 12:09:33] - {8} = DEBUG:CLASS INSTANCE ACTIVATED: $model
[2019-07-31 12:09:33] - {8} = DEBUG:CLASS INSTANCE ACTIVATED: $usr
[2019-07-31 12:09:33] - {8} = DEBUG:CLASS INSTANCE ACTIVATED: $auth
[2019-07-31 12:09:33] - {8} = DEBUG:CLASS INSTANCE ACTIVATED: $sign
[2019-07-31 12:09:33] - {8} = DEBUG:CLASS INSTANCE ACTIVATED: $mvc
[2019-07-31 12:09:33] - {8} = DEBUG:CLASS INSTANCE ACTIVATED: $options
[2019-07-31 12:09:33] - {8} = DEBUG:CLASS INSTANCE ACTIVATED: $media
[2019-07-31 12:09:33] - {8} = DEBUG:CLASS INSTANCE ACTIVATED: $local
[2019-07-31 12:09:33] - {8} = DEBUG:CLASS INSTANCE ACTIVATED: $menu
[2019-07-31 12:09:33] - {8} = DEBUG:CLASS INSTANCE ACTIVATED: $http
[2019-07-31 12:09:33] - {8} = DEBUG:CLASS INSTANCE ACTIVATED: $view
[2019-07-31 12:09:33] - {8} = DEBUG:CLASS INSTANCE ACTIVATED: $html
[2019-07-31 12:09:33] - {8} = DEBUG:CLASS INSTANCE ACTIVATED: $email
[2019-07-31 12:09:33] - {8} = DEBUG:CLASS INSTANCE ACTIVATED: $install
[2019-07-31 12:09:33] - {8} = DEBUG:CLASS INSTANCE ACTIVATED: $cloneme->default->mylib
[2019-07-31 12:09:33] - {8} = DEBUG:CLASS INSTANCE ACTIVATED: $cloneme->default->mylibx
[2019-07-31 12:09:33] - {7} = INFO:MAIN - All core files loaded; Starting..
[2019-07-31 12:09:33] - {7} = INFO:MAIN - All done in 0,0006 sec. 130,36 KB of RAM used; Exiting..


[2019-07-31 12:09:34] - {5} = WARNING:MODEL / PDO DB ERROR 1045: AUTH USER - root PASSWORD - ****
[2019-07-31 12:09:34] - {8} = DEBUG:CLASS INSTANCE ACTIVATED: $controller
[2019-07-31 12:09:34] - {8} = DEBUG:CLASS INSTANCE ACTIVATED: $logger
[2019-07-31 12:09:34] - {8} = DEBUG:CLASS INSTANCE ACTIVATED: $basic
[2019-07-31 12:09:34] - {8} = DEBUG:CLASS INSTANCE ACTIVATED: $cookies
[2019-07-31 12:09:34] - {8} = DEBUG:CLASS INSTANCE ACTIVATED: $session
[2019-07-31 12:09:34] - {8} = DEBUG:CLASS INSTANCE ACTIVATED: $nonce
[2019-07-31 12:09:34] - {8} = DEBUG:CLASS INSTANCE ACTIVATED: $alerts
[2019-07-31 12:09:34] - {8} = DEBUG:CLASS INSTANCE ACTIVATED: $pdo
[2019-07-31 12:09:34] - {8} = DEBUG:CLASS INSTANCE ACTIVATED: $db
[2019-07-31 12:09:34] - {8} = DEBUG:CLASS INSTANCE ACTIVATED: $smreca
[2019-07-31 12:09:34] - {8} = DEBUG:CLASS INSTANCE ACTIVATED: $smrecb
[2019-07-31 12:09:34] - {8} = DEBUG:CLASS INSTANCE ACTIVATED: $model
[2019-07-31 12:09:34] - {8} = DEBUG:CLASS INSTANCE ACTIVATED: $usr
[2019-07-31 12:09:34] - {8} = DEBUG:CLASS INSTANCE ACTIVATED: $auth
[2019-07-31 12:09:34] - {8} = DEBUG:CLASS INSTANCE ACTIVATED: $sign
[2019-07-31 12:09:34] - {8} = DEBUG:CLASS INSTANCE ACTIVATED: $mvc
[2019-07-31 12:09:34] - {8} = DEBUG:CLASS INSTANCE ACTIVATED: $options
[2019-07-31 12:09:34] - {8} = DEBUG:CLASS INSTANCE ACTIVATED: $media
[2019-07-31 12:09:34] - {8} = DEBUG:CLASS INSTANCE ACTIVATED: $local
[2019-07-31 12:09:34] - {8} = DEBUG:CLASS INSTANCE ACTIVATED: $menu
[2019-07-31 12:09:34] - {8} = DEBUG:CLASS INSTANCE ACTIVATED: $http
[2019-07-31 12:09:34] - {8} = DEBUG:CLASS INSTANCE ACTIVATED: $view
[2019-07-31 12:09:34] - {8} = DEBUG:CLASS INSTANCE ACTIVATED: $html
[2019-07-31 12:09:34] - {8} = DEBUG:CLASS INSTANCE ACTIVATED: $email
[2019-07-31 12:09:34] - {8} = DEBUG:CLASS INSTANCE ACTIVATED: $install
[2019-07-31 12:09:34] - {8} = DEBUG:CLASS INSTANCE ACTIVATED: $cloneme->default->mylib
[2019-07-31 12:09:34] - {8} = DEBUG:CLASS INSTANCE ACTIVATED: $cloneme->default->mylibx
[2019-07-31 12:09:34] - {7} = INFO:MAIN - All core files loaded; Starting..
[2019-07-31 12:09:34] - {7} = INFO:MAIN - All done in 0,0006 sec. 130,36 KB of RAM used; Exiting..


[2019-07-31 12:09:56] - {5} = WARNING:MODEL / PDO DB ERROR 1045: AUTH USER - root PASSWORD - ****
[2019-07-31 12:09:56] - {8} = DEBUG:CLASS INSTANCE ACTIVATED: $controller
[2019-07-31 12:09:56] - {8} = DEBUG:CLASS INSTANCE ACTIVATED: $logger
[2019-07-31 12:09:56] - {8} = DEBUG:CLASS INSTANCE ACTIVATED: $basic
[2019-07-31 12:09:56] - {8} = DEBUG:CLASS INSTANCE ACTIVATED: $cookies
[2019-07-31 12:09:56] - {8} = DEBUG:CLASS INSTANCE ACTIVATED: $session
[2019-07-31 12:09:56] - {8} = DEBUG:CLASS INSTANCE ACTIVATED: $nonce
[2019-07-31 12:09:56] - {8} = DEBUG:CLASS INSTANCE ACTIVATED: $alerts
[2019-07-31 12:09:56] - {8} = DEBUG:CLASS INSTANCE ACTIVATED: $pdo
[2019-07-31 12:09:56] - {8} = DEBUG:CLASS INSTANCE ACTIVATED: $db
[2019-07-31 12:09:56] - {8} = DEBUG:CLASS INSTANCE ACTIVATED: $smreca
[2019-07-31 12:09:56] - {8} = DEBUG:CLASS INSTANCE ACTIVATED: $smrecb
[2019-07-31 12:09:56] - {8} = DEBUG:CLASS INSTANCE ACTIVATED: $model
[2019-07-31 12:09:56] - {8} = DEBUG:CLASS INSTANCE ACTIVATED: $usr
[2019-07-31 12:09:56] - {8} = DEBUG:CLASS INSTANCE ACTIVATED: $auth
[2019-07-31 12:09:56] - {8} = DEBUG:CLASS INSTANCE ACTIVATED: $sign
[2019-07-31 12:09:56] - {8} = DEBUG:CLASS INSTANCE ACTIVATED: $mvc
[2019-07-31 12:09:56] - {8} = DEBUG:CLASS INSTANCE ACTIVATED: $options
[2019-07-31 12:09:56] - {8} = DEBUG:CLASS INSTANCE ACTIVATED: $media
[2019-07-31 12:09:56] - {8} = DEBUG:CLASS INSTANCE ACTIVATED: $local
[2019-07-31 12:09:56] - {8} = DEBUG:CLASS INSTANCE ACTIVATED: $menu
[2019-07-31 12:09:56] - {8} = DEBUG:CLASS INSTANCE ACTIVATED: $http
[2019-07-31 12:09:56] - {8} = DEBUG:CLASS INSTANCE ACTIVATED: $view
[2019-07-31 12:09:56] - {8} = DEBUG:CLASS INSTANCE ACTIVATED: $html
[2019-07-31 12:09:56] - {8} = DEBUG:CLASS INSTANCE ACTIVATED: $email
[2019-07-31 12:09:56] - {8} = DEBUG:CLASS INSTANCE ACTIVATED: $install
[2019-07-31 12:09:56] - {8} = DEBUG:CLASS INSTANCE ACTIVATED: $cloneme->default->mylib
[2019-07-31 12:09:56] - {8} = DEBUG:CLASS INSTANCE ACTIVATED: $cloneme->default->mylibx
[2019-07-31 12:09:56] - {7} = INFO:MAIN - All core files loaded; Starting..
[2019-07-31 12:09:56] - {5} = WARNING:MODEL / PDO DB ERROR 1045: AUTH USER - root PASSWORD - ****
[2019-07-31 12:09:56] - {8} = DEBUG:CLASS INSTANCE ACTIVATED: $controller
[2019-07-31 12:09:56] - {8} = DEBUG:CLASS INSTANCE ACTIVATED: $logger
[2019-07-31 12:09:56] - {8} = DEBUG:CLASS INSTANCE ACTIVATED: $basic
[2019-07-31 12:09:56] - {8} = DEBUG:CLASS INSTANCE ACTIVATED: $cookies
[2019-07-31 12:09:56] - {8} = DEBUG:CLASS INSTANCE ACTIVATED: $session
[2019-07-31 12:09:56] - {8} = DEBUG:CLASS INSTANCE ACTIVATED: $nonce
[2019-07-31 12:09:56] - {8} = DEBUG:CLASS INSTANCE ACTIVATED: $alerts
[2019-07-31 12:09:56] - {8} = DEBUG:CLASS INSTANCE ACTIVATED: $pdo
[2019-07-31 12:09:56] - {8} = DEBUG:CLASS INSTANCE ACTIVATED: $db
[2019-07-31 12:09:56] - {8} = DEBUG:CLASS INSTANCE ACTIVATED: $smreca
[2019-07-31 12:09:56] - {8} = DEBUG:CLASS INSTANCE ACTIVATED: $smrecb
[2019-07-31 12:09:56] - {8} = DEBUG:CLASS INSTANCE ACTIVATED: $model
[2019-07-31 12:09:56] - {8} = DEBUG:CLASS INSTANCE ACTIVATED: $usr
[2019-07-31 12:09:56] - {8} = DEBUG:CLASS INSTANCE ACTIVATED: $auth
[2019-07-31 12:09:56] - {8} = DEBUG:CLASS INSTANCE ACTIVATED: $sign
[2019-07-31 12:09:56] - {8} = DEBUG:CLASS INSTANCE ACTIVATED: $mvc
[2019-07-31 12:09:56] - {8} = DEBUG:CLASS INSTANCE ACTIVATED: $options
[2019-07-31 12:09:56] - {8} = DEBUG:CLASS INSTANCE ACTIVATED: $media
[2019-07-31 12:09:56] - {8} = DEBUG:CLASS INSTANCE ACTIVATED: $local
[2019-07-31 12:09:56] - {8} = DEBUG:CLASS INSTANCE ACTIVATED: $menu
[2019-07-31 12:09:56] - {8} = DEBUG:CLASS INSTANCE ACTIVATED: $http
[2019-07-31 12:09:56] - {8} = DEBUG:CLASS INSTANCE ACTIVATED: $view
[2019-07-31 12:09:56] - {8} = DEBUG:CLASS INSTANCE ACTIVATED: $html
[2019-07-31 12:09:56] - {8} = DEBUG:CLASS INSTANCE ACTIVATED: $email
[2019-07-31 12:09:56] - {8} = DEBUG:CLASS INSTANCE ACTIVATED: $install
[2019-07-31 12:09:56] - {8} = DEBUG:CLASS INSTANCE ACTIVATED: $cloneme->default->mylib
[2019-07-31 12:09:56] - {8} = DEBUG:CLASS INSTANCE ACTIVATED: $cloneme->default->mylibx
[2019-07-31 12:09:56] - {7} = INFO:MAIN - All core files loaded; Starting..
[2019-07-31 12:10:16] - {5} = WARNING:MODEL / PDO DB ERROR 1045: AUTH USER - root PASSWORD - ****
[2019-07-31 12:10:16] - {8} = DEBUG:CLASS INSTANCE ACTIVATED: $controller
[2019-07-31 12:10:16] - {8} = DEBUG:CLASS INSTANCE ACTIVATED: $logger
[2019-07-31 12:10:16] - {8} = DEBUG:CLASS INSTANCE ACTIVATED: $basic
[2019-07-31 12:10:16] - {8} = DEBUG:CLASS INSTANCE ACTIVATED: $cookies
[2019-07-31 12:10:16] - {8} = DEBUG:CLASS INSTANCE ACTIVATED: $session
[2019-07-31 12:10:16] - {8} = DEBUG:CLASS INSTANCE ACTIVATED: $nonce
[2019-07-31 12:10:16] - {8} = DEBUG:CLASS INSTANCE ACTIVATED: $alerts
[2019-07-31 12:10:16] - {8} = DEBUG:CLASS INSTANCE ACTIVATED: $pdo
[2019-07-31 12:10:16] - {8} = DEBUG:CLASS INSTANCE ACTIVATED: $db
[2019-07-31 12:10:16] - {8} = DEBUG:CLASS INSTANCE ACTIVATED: $smreca
[2019-07-31 12:10:16] - {8} = DEBUG:CLASS INSTANCE ACTIVATED: $smrecb
[2019-07-31 12:10:16] - {8} = DEBUG:CLASS INSTANCE ACTIVATED: $model
[2019-07-31 12:10:16] - {8} = DEBUG:CLASS INSTANCE ACTIVATED: $usr
[2019-07-31 12:10:16] - {8} = DEBUG:CLASS INSTANCE ACTIVATED: $auth
[2019-07-31 12:10:16] - {8} = DEBUG:CLASS INSTANCE ACTIVATED: $sign
[2019-07-31 12:10:16] - {8} = DEBUG:CLASS INSTANCE ACTIVATED: $mvc
[2019-07-31 12:10:16] - {8} = DEBUG:CLASS INSTANCE ACTIVATED: $options
[2019-07-31 12:10:16] - {8} = DEBUG:CLASS INSTANCE ACTIVATED: $media
[2019-07-31 12:10:16] - {8} = DEBUG:CLASS INSTANCE ACTIVATED: $local
[2019-07-31 12:10:16] - {8} = DEBUG:CLASS INSTANCE ACTIVATED: $menu
[2019-07-31 12:10:16] - {8} = DEBUG:CLASS INSTANCE ACTIVATED: $http
[2019-07-31 12:10:16] - {8} = DEBUG:CLASS INSTANCE ACTIVATED: $view
[2019-07-31 12:10:16] - {8} = DEBUG:CLASS INSTANCE ACTIVATED: $html
[2019-07-31 12:10:16] - {8} = DEBUG:CLASS INSTANCE ACTIVATED: $email
[2019-07-31 12:10:16] - {8} = DEBUG:CLASS INSTANCE ACTIVATED: $install
[2019-07-31 12:10:16] - {8} = DEBUG:CLASS INSTANCE ACTIVATED: $cloneme->default->mylib
[2019-07-31 12:10:16] - {8} = DEBUG:CLASS INSTANCE ACTIVATED: $cloneme->default->mylibx
[2019-07-31 12:10:16] - {7} = INFO:MAIN - All core files loaded; Starting..
[2019-07-31 12:10:16] - {7} = INFO:MAIN - All done in 0,0017 sec. 130,36 KB of RAM used; Exiting..


[2019-07-31 12:10:56] - {5} = WARNING:MODEL / PDO DB ERROR 1045: AUTH USER - root PASSWORD - ****
[2019-07-31 12:10:56] - {8} = DEBUG:CLASS INSTANCE ACTIVATED: $controller
[2019-07-31 12:10:56] - {8} = DEBUG:CLASS INSTANCE ACTIVATED: $logger
[2019-07-31 12:10:56] - {8} = DEBUG:CLASS INSTANCE ACTIVATED: $basic
[2019-07-31 12:10:56] - {8} = DEBUG:CLASS INSTANCE ACTIVATED: $cookies
[2019-07-31 12:10:56] - {8} = DEBUG:CLASS INSTANCE ACTIVATED: $session
[2019-07-31 12:10:56] - {8} = DEBUG:CLASS INSTANCE ACTIVATED: $nonce
[2019-07-31 12:10:56] - {8} = DEBUG:CLASS INSTANCE ACTIVATED: $alerts
[2019-07-31 12:10:56] - {8} = DEBUG:CLASS INSTANCE ACTIVATED: $pdo
[2019-07-31 12:10:56] - {8} = DEBUG:CLASS INSTANCE ACTIVATED: $db
[2019-07-31 12:10:56] - {8} = DEBUG:CLASS INSTANCE ACTIVATED: $smreca
[2019-07-31 12:10:56] - {8} = DEBUG:CLASS INSTANCE ACTIVATED: $smrecb
[2019-07-31 12:10:56] - {8} = DEBUG:CLASS INSTANCE ACTIVATED: $model
[2019-07-31 12:10:56] - {8} = DEBUG:CLASS INSTANCE ACTIVATED: $usr
[2019-07-31 12:10:56] - {8} = DEBUG:CLASS INSTANCE ACTIVATED: $auth
[2019-07-31 12:10:56] - {8} = DEBUG:CLASS INSTANCE ACTIVATED: $sign
[2019-07-31 12:10:56] - {8} = DEBUG:CLASS INSTANCE ACTIVATED: $mvc
[2019-07-31 12:10:56] - {8} = DEBUG:CLASS INSTANCE ACTIVATED: $options
[2019-07-31 12:10:56] - {8} = DEBUG:CLASS INSTANCE ACTIVATED: $media
[2019-07-31 12:10:56] - {8} = DEBUG:CLASS INSTANCE ACTIVATED: $local
[2019-07-31 12:10:56] - {8} = DEBUG:CLASS INSTANCE ACTIVATED: $menu
[2019-07-31 12:10:56] - {8} = DEBUG:CLASS INSTANCE ACTIVATED: $http
[2019-07-31 12:10:56] - {8} = DEBUG:CLASS INSTANCE ACTIVATED: $view
[2019-07-31 12:10:56] - {8} = DEBUG:CLASS INSTANCE ACTIVATED: $html
[2019-07-31 12:10:56] - {8} = DEBUG:CLASS INSTANCE ACTIVATED: $email
[2019-07-31 12:10:56] - {8} = DEBUG:CLASS INSTANCE ACTIVATED: $install
[2019-07-31 12:10:56] - {8} = DEBUG:CLASS INSTANCE ACTIVATED: $cloneme->default->mylib
[2019-07-31 12:10:56] - {8} = DEBUG:CLASS INSTANCE ACTIVATED: $cloneme->default->mylibx
[2019-07-31 12:10:56] - {7} = INFO:MAIN - All core files loaded; Starting..
[2019-07-31 12:11:17] - {5} = WARNING:MODEL / PDO DB ERROR 1045: AUTH USER - root PASSWORD - ****
[2019-07-31 12:11:17] - {8} = DEBUG:CLASS INSTANCE ACTIVATED: $controller
[2019-07-31 12:11:17] - {8} = DEBUG:CLASS INSTANCE ACTIVATED: $logger
[2019-07-31 12:11:17] - {8} = DEBUG:CLASS INSTANCE ACTIVATED: $basic
[2019-07-31 12:11:17] - {8} = DEBUG:CLASS INSTANCE ACTIVATED: $cookies
[2019-07-31 12:11:17] - {8} = DEBUG:CLASS INSTANCE ACTIVATED: $session
[2019-07-31 12:11:17] - {8} = DEBUG:CLASS INSTANCE ACTIVATED: $nonce
[2019-07-31 12:11:17] - {8} = DEBUG:CLASS INSTANCE ACTIVATED: $alerts
[2019-07-31 12:11:17] - {8} = DEBUG:CLASS INSTANCE ACTIVATED: $pdo
[2019-07-31 12:11:17] - {8} = DEBUG:CLASS INSTANCE ACTIVATED: $db
[2019-07-31 12:11:17] - {8} = DEBUG:CLASS INSTANCE ACTIVATED: $smreca
[2019-07-31 12:11:17] - {8} = DEBUG:CLASS INSTANCE ACTIVATED: $smrecb
[2019-07-31 12:11:17] - {8} = DEBUG:CLASS INSTANCE ACTIVATED: $model
[2019-07-31 12:11:17] - {8} = DEBUG:CLASS INSTANCE ACTIVATED: $usr
[2019-07-31 12:11:17] - {8} = DEBUG:CLASS INSTANCE ACTIVATED: $auth
[2019-07-31 12:11:17] - {8} = DEBUG:CLASS INSTANCE ACTIVATED: $sign
[2019-07-31 12:11:17] - {8} = DEBUG:CLASS INSTANCE ACTIVATED: $mvc
[2019-07-31 12:11:17] - {8} = DEBUG:CLASS INSTANCE ACTIVATED: $options
[2019-07-31 12:11:17] - {8} = DEBUG:CLASS INSTANCE ACTIVATED: $media
[2019-07-31 12:11:17] - {8} = DEBUG:CLASS INSTANCE ACTIVATED: $local
[2019-07-31 12:11:17] - {8} = DEBUG:CLASS INSTANCE ACTIVATED: $menu
[2019-07-31 12:11:17] - {8} = DEBUG:CLASS INSTANCE ACTIVATED: $http
[2019-07-31 12:11:17] - {8} = DEBUG:CLASS INSTANCE ACTIVATED: $view
[2019-07-31 12:11:17] - {8} = DEBUG:CLASS INSTANCE ACTIVATED: $html
[2019-07-31 12:11:17] - {8} = DEBUG:CLASS INSTANCE ACTIVATED: $email
[2019-07-31 12:11:17] - {8} = DEBUG:CLASS INSTANCE ACTIVATED: $install
[2019-07-31 12:11:17] - {8} = DEBUG:CLASS INSTANCE ACTIVATED: $cloneme->default->mylib
[2019-07-31 12:11:17] - {8} = DEBUG:CLASS INSTANCE ACTIVATED: $cloneme->default->mylibx
[2019-07-31 12:11:17] - {7} = INFO:MAIN - All core files loaded; Starting..
[2019-07-31 12:11:23] - {5} = WARNING:MODEL / PDO DB ERROR 1045: AUTH USER - root PASSWORD - ****
[2019-07-31 12:11:23] - {8} = DEBUG:CLASS INSTANCE ACTIVATED: $controller
[2019-07-31 12:11:23] - {8} = DEBUG:CLASS INSTANCE ACTIVATED: $logger
[2019-07-31 12:11:23] - {8} = DEBUG:CLASS INSTANCE ACTIVATED: $basic
[2019-07-31 12:11:23] - {8} = DEBUG:CLASS INSTANCE ACTIVATED: $cookies
[2019-07-31 12:11:23] - {8} = DEBUG:CLASS INSTANCE ACTIVATED: $session
[2019-07-31 12:11:23] - {8} = DEBUG:CLASS INSTANCE ACTIVATED: $nonce
[2019-07-31 12:11:23] - {8} = DEBUG:CLASS INSTANCE ACTIVATED: $alerts
[2019-07-31 12:11:23] - {8} = DEBUG:CLASS INSTANCE ACTIVATED: $pdo
[2019-07-31 12:11:23] - {8} = DEBUG:CLASS INSTANCE ACTIVATED: $db
[2019-07-31 12:11:23] - {8} = DEBUG:CLASS INSTANCE ACTIVATED: $smreca
[2019-07-31 12:11:23] - {8} = DEBUG:CLASS INSTANCE ACTIVATED: $smrecb
[2019-07-31 12:11:23] - {8} = DEBUG:CLASS INSTANCE ACTIVATED: $model
[2019-07-31 12:11:23] - {8} = DEBUG:CLASS INSTANCE ACTIVATED: $usr
[2019-07-31 12:11:23] - {8} = DEBUG:CLASS INSTANCE ACTIVATED: $auth
[2019-07-31 12:11:23] - {8} = DEBUG:CLASS INSTANCE ACTIVATED: $sign
[2019-07-31 12:11:23] - {8} = DEBUG:CLASS INSTANCE ACTIVATED: $mvc
[2019-07-31 12:11:23] - {8} = DEBUG:CLASS INSTANCE ACTIVATED: $options
[2019-07-31 12:11:23] - {8} = DEBUG:CLASS INSTANCE ACTIVATED: $media
[2019-07-31 12:11:23] - {8} = DEBUG:CLASS INSTANCE ACTIVATED: $local
[2019-07-31 12:11:23] - {8} = DEBUG:CLASS INSTANCE ACTIVATED: $menu
[2019-07-31 12:11:23] - {8} = DEBUG:CLASS INSTANCE ACTIVATED: $http
[2019-07-31 12:11:23] - {8} = DEBUG:CLASS INSTANCE ACTIVATED: $view
[2019-07-31 12:11:23] - {8} = DEBUG:CLASS INSTANCE ACTIVATED: $html
[2019-07-31 12:11:23] - {8} = DEBUG:CLASS INSTANCE ACTIVATED: $email
[2019-07-31 12:11:23] - {8} = DEBUG:CLASS INSTANCE ACTIVATED: $install
[2019-07-31 12:11:23] - {8} = DEBUG:CLASS INSTANCE ACTIVATED: $cloneme->default->mylib
[2019-07-31 12:11:23] - {8} = DEBUG:CLASS INSTANCE ACTIVATED: $cloneme->default->mylibx
[2019-07-31 12:11:23] - {7} = INFO:MAIN - All core files loaded; Starting..
[2019-07-31 12:11:23] - {5} = WARNING:MODEL / PDO DB ERROR 1045: AUTH USER - root PASSWORD - ****
[2019-07-31 12:11:23] - {8} = DEBUG:CLASS INSTANCE ACTIVATED: $controller
[2019-07-31 12:11:23] - {8} = DEBUG:CLASS INSTANCE ACTIVATED: $logger
[2019-07-31 12:11:23] - {8} = DEBUG:CLASS INSTANCE ACTIVATED: $basic
[2019-07-31 12:11:23] - {8} = DEBUG:CLASS INSTANCE ACTIVATED: $cookies
[2019-07-31 12:11:23] - {8} = DEBUG:CLASS INSTANCE ACTIVATED: $session
[2019-07-31 12:11:23] - {8} = DEBUG:CLASS INSTANCE ACTIVATED: $nonce
[2019-07-31 12:11:23] - {8} = DEBUG:CLASS INSTANCE ACTIVATED: $alerts
[2019-07-31 12:11:23] - {8} = DEBUG:CLASS INSTANCE ACTIVATED: $pdo
[2019-07-31 12:11:23] - {8} = DEBUG:CLASS INSTANCE ACTIVATED: $db
[2019-07-31 12:11:23] - {8} = DEBUG:CLASS INSTANCE ACTIVATED: $smreca
[2019-07-31 12:11:23] - {8} = DEBUG:CLASS INSTANCE ACTIVATED: $smrecb
[2019-07-31 12:11:23] - {8} = DEBUG:CLASS INSTANCE ACTIVATED: $model
[2019-07-31 12:11:23] - {8} = DEBUG:CLASS INSTANCE ACTIVATED: $usr
[2019-07-31 12:11:23] - {8} = DEBUG:CLASS INSTANCE ACTIVATED: $auth
[2019-07-31 12:11:23] - {8} = DEBUG:CLASS INSTANCE ACTIVATED: $sign
[2019-07-31 12:11:23] - {8} = DEBUG:CLASS INSTANCE ACTIVATED: $mvc
[2019-07-31 12:11:23] - {8} = DEBUG:CLASS INSTANCE ACTIVATED: $options
[2019-07-31 12:11:23] - {8} = DEBUG:CLASS INSTANCE ACTIVATED: $media
[2019-07-31 12:11:23] - {8} = DEBUG:CLASS INSTANCE ACTIVATED: $local
[2019-07-31 12:11:23] - {8} = DEBUG:CLASS INSTANCE ACTIVATED: $menu
[2019-07-31 12:11:23] - {8} = DEBUG:CLASS INSTANCE ACTIVATED: $http
[2019-07-31 12:11:23] - {8} = DEBUG:CLASS INSTANCE ACTIVATED: $view
[2019-07-31 12:11:23] - {8} = DEBUG:CLASS INSTANCE ACTIVATED: $html
[2019-07-31 12:11:23] - {8} = DEBUG:CLASS INSTANCE ACTIVATED: $email
[2019-07-31 12:11:23] - {8} = DEBUG:CLASS INSTANCE ACTIVATED: $install
[2019-07-31 12:11:23] - {8} = DEBUG:CLASS INSTANCE ACTIVATED: $cloneme->default->mylib
[2019-07-31 12:11:23] - {8} = DEBUG:CLASS INSTANCE ACTIVATED: $cloneme->default->mylibx
[2019-07-31 12:11:23] - {7} = INFO:MAIN - All core files loaded; Starting..
[2019-07-31 12:11:25] - {5} = WARNING:MODEL / PDO DB ERROR 1045: AUTH USER - root PASSWORD - ****
[2019-07-31 12:11:25] - {8} = DEBUG:CLASS INSTANCE ACTIVATED: $controller
[2019-07-31 12:11:25] - {8} = DEBUG:CLASS INSTANCE ACTIVATED: $logger
[2019-07-31 12:11:25] - {8} = DEBUG:CLASS INSTANCE ACTIVATED: $basic
[2019-07-31 12:11:25] - {8} = DEBUG:CLASS INSTANCE ACTIVATED: $cookies
[2019-07-31 12:11:25] - {8} = DEBUG:CLASS INSTANCE ACTIVATED: $session
[2019-07-31 12:11:25] - {8} = DEBUG:CLASS INSTANCE ACTIVATED: $nonce
[2019-07-31 12:11:25] - {8} = DEBUG:CLASS INSTANCE ACTIVATED: $alerts
[2019-07-31 12:11:25] - {8} = DEBUG:CLASS INSTANCE ACTIVATED: $pdo
[2019-07-31 12:11:25] - {8} = DEBUG:CLASS INSTANCE ACTIVATED: $db
[2019-07-31 12:11:25] - {8} = DEBUG:CLASS INSTANCE ACTIVATED: $smreca
[2019-07-31 12:11:25] - {8} = DEBUG:CLASS INSTANCE ACTIVATED: $smrecb
[2019-07-31 12:11:25] - {8} = DEBUG:CLASS INSTANCE ACTIVATED: $model
[2019-07-31 12:11:25] - {8} = DEBUG:CLASS INSTANCE ACTIVATED: $usr
[2019-07-31 12:11:25] - {8} = DEBUG:CLASS INSTANCE ACTIVATED: $auth
[2019-07-31 12:11:25] - {8} = DEBUG:CLASS INSTANCE ACTIVATED: $sign
[2019-07-31 12:11:25] - {8} = DEBUG:CLASS INSTANCE ACTIVATED: $mvc
[2019-07-31 12:11:25] - {8} = DEBUG:CLASS INSTANCE ACTIVATED: $options
[2019-07-31 12:11:25] - {8} = DEBUG:CLASS INSTANCE ACTIVATED: $media
[2019-07-31 12:11:25] - {8} = DEBUG:CLASS INSTANCE ACTIVATED: $local
[2019-07-31 12:11:25] - {8} = DEBUG:CLASS INSTANCE ACTIVATED: $menu
[2019-07-31 12:11:25] - {8} = DEBUG:CLASS INSTANCE ACTIVATED: $http
[2019-07-31 12:11:25] - {8} = DEBUG:CLASS INSTANCE ACTIVATED: $view
[2019-07-31 12:11:25] - {8} = DEBUG:CLASS INSTANCE ACTIVATED: $html
[2019-07-31 12:11:25] - {8} = DEBUG:CLASS INSTANCE ACTIVATED: $email
[2019-07-31 12:11:25] - {8} = DEBUG:CLASS INSTANCE ACTIVATED: $install
[2019-07-31 12:11:25] - {8} = DEBUG:CLASS INSTANCE ACTIVATED: $cloneme->default->mylib
[2019-07-31 12:11:25] - {8} = DEBUG:CLASS INSTANCE ACTIVATED: $cloneme->default->mylibx
[2019-07-31 12:11:25] - {7} = INFO:MAIN - All core files loaded; Starting..
[2019-07-31 12:11:26] - {5} = WARNING:MODEL / PDO DB ERROR 1045: AUTH USER - root PASSWORD - ****
[2019-07-31 12:11:26] - {8} = DEBUG:CLASS INSTANCE ACTIVATED: $controller
[2019-07-31 12:11:26] - {8} = DEBUG:CLASS INSTANCE ACTIVATED: $logger
[2019-07-31 12:11:26] - {8} = DEBUG:CLASS INSTANCE ACTIVATED: $basic
[2019-07-31 12:11:26] - {8} = DEBUG:CLASS INSTANCE ACTIVATED: $cookies
[2019-07-31 12:11:26] - {8} = DEBUG:CLASS INSTANCE ACTIVATED: $session
[2019-07-31 12:11:26] - {8} = DEBUG:CLASS INSTANCE ACTIVATED: $nonce
[2019-07-31 12:11:26] - {8} = DEBUG:CLASS INSTANCE ACTIVATED: $alerts
[2019-07-31 12:11:26] - {8} = DEBUG:CLASS INSTANCE ACTIVATED: $pdo
[2019-07-31 12:11:26] - {8} = DEBUG:CLASS INSTANCE ACTIVATED: $db
[2019-07-31 12:11:26] - {8} = DEBUG:CLASS INSTANCE ACTIVATED: $smreca
[2019-07-31 12:11:26] - {8} = DEBUG:CLASS INSTANCE ACTIVATED: $smrecb
[2019-07-31 12:11:26] - {8} = DEBUG:CLASS INSTANCE ACTIVATED: $model
[2019-07-31 12:11:26] - {8} = DEBUG:CLASS INSTANCE ACTIVATED: $usr
[2019-07-31 12:11:26] - {8} = DEBUG:CLASS INSTANCE ACTIVATED: $auth
[2019-07-31 12:11:26] - {8} = DEBUG:CLASS INSTANCE ACTIVATED: $sign
[2019-07-31 12:11:26] - {8} = DEBUG:CLASS INSTANCE ACTIVATED: $mvc
[2019-07-31 12:11:26] - {8} = DEBUG:CLASS INSTANCE ACTIVATED: $options
[2019-07-31 12:11:26] - {8} = DEBUG:CLASS INSTANCE ACTIVATED: $media
[2019-07-31 12:11:26] - {8} = DEBUG:CLASS INSTANCE ACTIVATED: $local
[2019-07-31 12:11:26] - {8} = DEBUG:CLASS INSTANCE ACTIVATED: $menu
[2019-07-31 12:11:26] - {8} = DEBUG:CLASS INSTANCE ACTIVATED: $http
[2019-07-31 12:11:26] - {8} = DEBUG:CLASS INSTANCE ACTIVATED: $view
[2019-07-31 12:11:26] - {8} = DEBUG:CLASS INSTANCE ACTIVATED: $html
[2019-07-31 12:11:26] - {8} = DEBUG:CLASS INSTANCE ACTIVATED: $email
[2019-07-31 12:11:26] - {8} = DEBUG:CLASS INSTANCE ACTIVATED: $install
[2019-07-31 12:11:26] - {8} = DEBUG:CLASS INSTANCE ACTIVATED: $cloneme->default->mylib
[2019-07-31 12:11:26] - {8} = DEBUG:CLASS INSTANCE ACTIVATED: $cloneme->default->mylibx
[2019-07-31 12:11:26] - {7} = INFO:MAIN - All core files loaded; Starting..
[2019-07-31 12:11:26] - {7} = INFO:MAIN - All done in 0,0007 sec. 131,16 KB of RAM used; Exiting..


[2019-07-31 12:12:55] - {5} = WARNING:MODEL / PDO DB ERROR 1045: AUTH USER - root PASSWORD - ****
[2019-07-31 12:12:55] - {8} = DEBUG:CLASS INSTANCE ACTIVATED: $controller
[2019-07-31 12:12:55] - {8} = DEBUG:CLASS INSTANCE ACTIVATED: $logger
[2019-07-31 12:12:55] - {8} = DEBUG:CLASS INSTANCE ACTIVATED: $basic
[2019-07-31 12:12:55] - {8} = DEBUG:CLASS INSTANCE ACTIVATED: $cookies
[2019-07-31 12:12:55] - {8} = DEBUG:CLASS INSTANCE ACTIVATED: $session
[2019-07-31 12:12:55] - {8} = DEBUG:CLASS INSTANCE ACTIVATED: $nonce
[2019-07-31 12:12:55] - {8} = DEBUG:CLASS INSTANCE ACTIVATED: $alerts
[2019-07-31 12:12:55] - {8} = DEBUG:CLASS INSTANCE ACTIVATED: $pdo
[2019-07-31 12:12:55] - {8} = DEBUG:CLASS INSTANCE ACTIVATED: $db
[2019-07-31 12:12:55] - {8} = DEBUG:CLASS INSTANCE ACTIVATED: $smreca
[2019-07-31 12:12:55] - {8} = DEBUG:CLASS INSTANCE ACTIVATED: $smrecb
[2019-07-31 12:12:55] - {8} = DEBUG:CLASS INSTANCE ACTIVATED: $model
[2019-07-31 12:12:55] - {8} = DEBUG:CLASS INSTANCE ACTIVATED: $usr
[2019-07-31 12:12:55] - {8} = DEBUG:CLASS INSTANCE ACTIVATED: $auth
[2019-07-31 12:12:55] - {8} = DEBUG:CLASS INSTANCE ACTIVATED: $sign
[2019-07-31 12:12:55] - {8} = DEBUG:CLASS INSTANCE ACTIVATED: $mvc
[2019-07-31 12:12:55] - {8} = DEBUG:CLASS INSTANCE ACTIVATED: $options
[2019-07-31 12:12:55] - {8} = DEBUG:CLASS INSTANCE ACTIVATED: $media
[2019-07-31 12:12:55] - {8} = DEBUG:CLASS INSTANCE ACTIVATED: $local
[2019-07-31 12:12:55] - {8} = DEBUG:CLASS INSTANCE ACTIVATED: $menu
[2019-07-31 12:12:55] - {8} = DEBUG:CLASS INSTANCE ACTIVATED: $http
[2019-07-31 12:12:55] - {8} = DEBUG:CLASS INSTANCE ACTIVATED: $view
[2019-07-31 12:12:55] - {8} = DEBUG:CLASS INSTANCE ACTIVATED: $html
[2019-07-31 12:12:55] - {8} = DEBUG:CLASS INSTANCE ACTIVATED: $email
[2019-07-31 12:12:55] - {8} = DEBUG:CLASS INSTANCE ACTIVATED: $install
[2019-07-31 12:12:55] - {8} = DEBUG:CLASS INSTANCE ACTIVATED: $cloneme->default->mylib
[2019-07-31 12:12:55] - {8} = DEBUG:CLASS INSTANCE ACTIVATED: $cloneme->default->mylibx
[2019-07-31 12:12:55] - {7} = INFO:MAIN - All core files loaded; Starting..
